[2023-01-14T01:17:59.519+0000] {processor.py:153} INFO - Started process (PID=45) to work on /opt/airflow/dags/ETLexampleF22.py
[2023-01-14T01:17:59.523+0000] {processor.py:743} INFO - Processing file /opt/airflow/dags/ETLexampleF22.py for tasks to queue
[2023-01-14T01:17:59.526+0000] {logging_mixin.py:137} INFO - [2023-01-14T01:17:59.526+0000] {dagbag.py:538} INFO - Filling up the DagBag from /opt/airflow/dags/ETLexampleF22.py
[2023-01-14T01:17:59.584+0000] {logging_mixin.py:137} WARNING - /home/airflow/.local/lib/python3.7/site-packages/airflow/providers/postgres/hooks/postgres.py:30 RemovedInAirflow3Warning: This module is deprecated. Please use `airflow.providers.common.sql.hooks.sql`.
[2023-01-14T01:18:00.366+0000] {processor.py:753} INFO - DAG(s) dict_keys(['tutorial_etl_dag']) retrieved from /opt/airflow/dags/ETLexampleF22.py
[2023-01-14T01:18:00.412+0000] {logging_mixin.py:137} INFO - [2023-01-14T01:18:00.411+0000] {dag.py:2676} INFO - Sync 1 DAGs
[2023-01-14T01:18:00.453+0000] {logging_mixin.py:137} INFO - [2023-01-14T01:18:00.453+0000] {dag.py:3427} INFO - Setting next_dagrun for tutorial_etl_dag to None, run_after=None
[2023-01-14T01:18:00.531+0000] {processor.py:175} INFO - Processing /opt/airflow/dags/ETLexampleF22.py took 1.018 seconds
[2023-01-14T01:18:30.837+0000] {processor.py:153} INFO - Started process (PID=47) to work on /opt/airflow/dags/ETLexampleF22.py
[2023-01-14T01:18:30.843+0000] {processor.py:743} INFO - Processing file /opt/airflow/dags/ETLexampleF22.py for tasks to queue
[2023-01-14T01:18:30.847+0000] {logging_mixin.py:137} INFO - [2023-01-14T01:18:30.846+0000] {dagbag.py:538} INFO - Filling up the DagBag from /opt/airflow/dags/ETLexampleF22.py
[2023-01-14T01:18:30.913+0000] {logging_mixin.py:137} WARNING - /home/airflow/.local/lib/python3.7/site-packages/airflow/providers/postgres/hooks/postgres.py:30 RemovedInAirflow3Warning: This module is deprecated. Please use `airflow.providers.common.sql.hooks.sql`.
[2023-01-14T01:18:31.725+0000] {processor.py:753} INFO - DAG(s) dict_keys(['tutorial_etl_dag']) retrieved from /opt/airflow/dags/ETLexampleF22.py
[2023-01-14T01:18:31.781+0000] {logging_mixin.py:137} INFO - [2023-01-14T01:18:31.781+0000] {dag.py:2676} INFO - Sync 1 DAGs
[2023-01-14T01:18:31.833+0000] {logging_mixin.py:137} INFO - [2023-01-14T01:18:31.833+0000] {dag.py:3427} INFO - Setting next_dagrun for tutorial_etl_dag to None, run_after=None
[2023-01-14T01:18:31.968+0000] {processor.py:175} INFO - Processing /opt/airflow/dags/ETLexampleF22.py took 1.139 seconds
[2023-01-14T01:19:03.251+0000] {processor.py:153} INFO - Started process (PID=49) to work on /opt/airflow/dags/ETLexampleF22.py
[2023-01-14T01:19:03.255+0000] {processor.py:743} INFO - Processing file /opt/airflow/dags/ETLexampleF22.py for tasks to queue
[2023-01-14T01:19:03.259+0000] {logging_mixin.py:137} INFO - [2023-01-14T01:19:03.259+0000] {dagbag.py:538} INFO - Filling up the DagBag from /opt/airflow/dags/ETLexampleF22.py
[2023-01-14T01:19:03.344+0000] {logging_mixin.py:137} WARNING - /home/airflow/.local/lib/python3.7/site-packages/airflow/providers/postgres/hooks/postgres.py:30 RemovedInAirflow3Warning: This module is deprecated. Please use `airflow.providers.common.sql.hooks.sql`.
[2023-01-14T01:19:04.275+0000] {processor.py:753} INFO - DAG(s) dict_keys(['tutorial_etl_dag']) retrieved from /opt/airflow/dags/ETLexampleF22.py
[2023-01-14T01:19:04.451+0000] {logging_mixin.py:137} INFO - [2023-01-14T01:19:04.450+0000] {dag.py:2676} INFO - Sync 1 DAGs
[2023-01-14T01:19:04.581+0000] {logging_mixin.py:137} INFO - [2023-01-14T01:19:04.580+0000] {dag.py:3427} INFO - Setting next_dagrun for tutorial_etl_dag to None, run_after=None
[2023-01-14T01:19:04.731+0000] {processor.py:175} INFO - Processing /opt/airflow/dags/ETLexampleF22.py took 1.486 seconds
[2023-01-14T01:19:35.951+0000] {processor.py:153} INFO - Started process (PID=51) to work on /opt/airflow/dags/ETLexampleF22.py
[2023-01-14T01:19:35.954+0000] {processor.py:743} INFO - Processing file /opt/airflow/dags/ETLexampleF22.py for tasks to queue
[2023-01-14T01:19:35.955+0000] {logging_mixin.py:137} INFO - [2023-01-14T01:19:35.955+0000] {dagbag.py:538} INFO - Filling up the DagBag from /opt/airflow/dags/ETLexampleF22.py
[2023-01-14T01:19:35.989+0000] {logging_mixin.py:137} WARNING - /home/airflow/.local/lib/python3.7/site-packages/airflow/providers/postgres/hooks/postgres.py:30 RemovedInAirflow3Warning: This module is deprecated. Please use `airflow.providers.common.sql.hooks.sql`.
[2023-01-14T01:19:36.383+0000] {processor.py:753} INFO - DAG(s) dict_keys(['tutorial_etl_dag']) retrieved from /opt/airflow/dags/ETLexampleF22.py
[2023-01-14T01:19:36.429+0000] {logging_mixin.py:137} INFO - [2023-01-14T01:19:36.429+0000] {dag.py:2676} INFO - Sync 1 DAGs
[2023-01-14T01:19:36.475+0000] {logging_mixin.py:137} INFO - [2023-01-14T01:19:36.475+0000] {dag.py:3427} INFO - Setting next_dagrun for tutorial_etl_dag to None, run_after=None
[2023-01-14T01:19:36.545+0000] {processor.py:175} INFO - Processing /opt/airflow/dags/ETLexampleF22.py took 0.598 seconds
[2023-01-14T01:20:06.877+0000] {processor.py:153} INFO - Started process (PID=53) to work on /opt/airflow/dags/ETLexampleF22.py
[2023-01-14T01:20:06.881+0000] {processor.py:743} INFO - Processing file /opt/airflow/dags/ETLexampleF22.py for tasks to queue
[2023-01-14T01:20:06.883+0000] {logging_mixin.py:137} INFO - [2023-01-14T01:20:06.883+0000] {dagbag.py:538} INFO - Filling up the DagBag from /opt/airflow/dags/ETLexampleF22.py
[2023-01-14T01:20:06.921+0000] {logging_mixin.py:137} WARNING - /home/airflow/.local/lib/python3.7/site-packages/airflow/providers/postgres/hooks/postgres.py:30 RemovedInAirflow3Warning: This module is deprecated. Please use `airflow.providers.common.sql.hooks.sql`.
[2023-01-14T01:20:07.417+0000] {processor.py:753} INFO - DAG(s) dict_keys(['tutorial_etl_dag']) retrieved from /opt/airflow/dags/ETLexampleF22.py
[2023-01-14T01:20:07.465+0000] {logging_mixin.py:137} INFO - [2023-01-14T01:20:07.465+0000] {dag.py:2676} INFO - Sync 1 DAGs
[2023-01-14T01:20:07.505+0000] {logging_mixin.py:137} INFO - [2023-01-14T01:20:07.505+0000] {dag.py:3427} INFO - Setting next_dagrun for tutorial_etl_dag to None, run_after=None
[2023-01-14T01:20:07.591+0000] {processor.py:175} INFO - Processing /opt/airflow/dags/ETLexampleF22.py took 0.718 seconds
[2023-01-14T01:20:37.856+0000] {processor.py:153} INFO - Started process (PID=55) to work on /opt/airflow/dags/ETLexampleF22.py
[2023-01-14T01:20:37.859+0000] {processor.py:743} INFO - Processing file /opt/airflow/dags/ETLexampleF22.py for tasks to queue
[2023-01-14T01:20:37.861+0000] {logging_mixin.py:137} INFO - [2023-01-14T01:20:37.861+0000] {dagbag.py:538} INFO - Filling up the DagBag from /opt/airflow/dags/ETLexampleF22.py
[2023-01-14T01:20:37.892+0000] {logging_mixin.py:137} WARNING - /home/airflow/.local/lib/python3.7/site-packages/airflow/providers/postgres/hooks/postgres.py:30 RemovedInAirflow3Warning: This module is deprecated. Please use `airflow.providers.common.sql.hooks.sql`.
[2023-01-14T01:20:38.259+0000] {processor.py:753} INFO - DAG(s) dict_keys(['tutorial_etl_dag']) retrieved from /opt/airflow/dags/ETLexampleF22.py
[2023-01-14T01:20:38.305+0000] {logging_mixin.py:137} INFO - [2023-01-14T01:20:38.305+0000] {dag.py:2676} INFO - Sync 1 DAGs
[2023-01-14T01:20:38.355+0000] {logging_mixin.py:137} INFO - [2023-01-14T01:20:38.355+0000] {dag.py:3427} INFO - Setting next_dagrun for tutorial_etl_dag to None, run_after=None
[2023-01-14T01:20:38.436+0000] {processor.py:175} INFO - Processing /opt/airflow/dags/ETLexampleF22.py took 0.584 seconds
[2023-01-14T01:21:09.534+0000] {processor.py:153} INFO - Started process (PID=57) to work on /opt/airflow/dags/ETLexampleF22.py
[2023-01-14T01:21:09.563+0000] {processor.py:743} INFO - Processing file /opt/airflow/dags/ETLexampleF22.py for tasks to queue
[2023-01-14T01:21:09.570+0000] {logging_mixin.py:137} INFO - [2023-01-14T01:21:09.569+0000] {dagbag.py:538} INFO - Filling up the DagBag from /opt/airflow/dags/ETLexampleF22.py
[2023-01-14T01:21:09.618+0000] {logging_mixin.py:137} WARNING - /home/airflow/.local/lib/python3.7/site-packages/airflow/providers/postgres/hooks/postgres.py:30 RemovedInAirflow3Warning: This module is deprecated. Please use `airflow.providers.common.sql.hooks.sql`.
[2023-01-14T01:21:09.969+0000] {processor.py:753} INFO - DAG(s) dict_keys(['tutorial_etl_dag']) retrieved from /opt/airflow/dags/ETLexampleF22.py
[2023-01-14T01:21:10.009+0000] {logging_mixin.py:137} INFO - [2023-01-14T01:21:10.009+0000] {dag.py:2676} INFO - Sync 1 DAGs
[2023-01-14T01:21:10.051+0000] {logging_mixin.py:137} INFO - [2023-01-14T01:21:10.050+0000] {dag.py:3427} INFO - Setting next_dagrun for tutorial_etl_dag to None, run_after=None
[2023-01-14T01:21:10.122+0000] {processor.py:175} INFO - Processing /opt/airflow/dags/ETLexampleF22.py took 0.592 seconds
[2023-01-14T01:21:40.539+0000] {processor.py:153} INFO - Started process (PID=59) to work on /opt/airflow/dags/ETLexampleF22.py
[2023-01-14T01:21:40.542+0000] {processor.py:743} INFO - Processing file /opt/airflow/dags/ETLexampleF22.py for tasks to queue
[2023-01-14T01:21:40.544+0000] {logging_mixin.py:137} INFO - [2023-01-14T01:21:40.543+0000] {dagbag.py:538} INFO - Filling up the DagBag from /opt/airflow/dags/ETLexampleF22.py
[2023-01-14T01:21:40.576+0000] {logging_mixin.py:137} WARNING - /home/airflow/.local/lib/python3.7/site-packages/airflow/providers/postgres/hooks/postgres.py:30 RemovedInAirflow3Warning: This module is deprecated. Please use `airflow.providers.common.sql.hooks.sql`.
[2023-01-14T01:21:40.932+0000] {processor.py:753} INFO - DAG(s) dict_keys(['tutorial_etl_dag']) retrieved from /opt/airflow/dags/ETLexampleF22.py
[2023-01-14T01:21:40.977+0000] {logging_mixin.py:137} INFO - [2023-01-14T01:21:40.976+0000] {dag.py:2676} INFO - Sync 1 DAGs
[2023-01-14T01:21:41.015+0000] {logging_mixin.py:137} INFO - [2023-01-14T01:21:41.015+0000] {dag.py:3427} INFO - Setting next_dagrun for tutorial_etl_dag to None, run_after=None
[2023-01-14T01:21:41.086+0000] {processor.py:175} INFO - Processing /opt/airflow/dags/ETLexampleF22.py took 0.551 seconds
[2023-01-14T01:22:11.167+0000] {processor.py:153} INFO - Started process (PID=61) to work on /opt/airflow/dags/ETLexampleF22.py
[2023-01-14T01:22:11.170+0000] {processor.py:743} INFO - Processing file /opt/airflow/dags/ETLexampleF22.py for tasks to queue
[2023-01-14T01:22:11.172+0000] {logging_mixin.py:137} INFO - [2023-01-14T01:22:11.172+0000] {dagbag.py:538} INFO - Filling up the DagBag from /opt/airflow/dags/ETLexampleF22.py
[2023-01-14T01:22:11.203+0000] {logging_mixin.py:137} WARNING - /home/airflow/.local/lib/python3.7/site-packages/airflow/providers/postgres/hooks/postgres.py:30 RemovedInAirflow3Warning: This module is deprecated. Please use `airflow.providers.common.sql.hooks.sql`.
[2023-01-14T01:22:11.547+0000] {processor.py:753} INFO - DAG(s) dict_keys(['tutorial_etl_dag']) retrieved from /opt/airflow/dags/ETLexampleF22.py
[2023-01-14T01:22:11.589+0000] {logging_mixin.py:137} INFO - [2023-01-14T01:22:11.588+0000] {dag.py:2676} INFO - Sync 1 DAGs
[2023-01-14T01:22:11.630+0000] {logging_mixin.py:137} INFO - [2023-01-14T01:22:11.629+0000] {dag.py:3427} INFO - Setting next_dagrun for tutorial_etl_dag to None, run_after=None
[2023-01-14T01:22:11.706+0000] {processor.py:175} INFO - Processing /opt/airflow/dags/ETLexampleF22.py took 0.543 seconds
[2023-01-14T01:22:42.950+0000] {processor.py:153} INFO - Started process (PID=63) to work on /opt/airflow/dags/ETLexampleF22.py
[2023-01-14T01:22:42.971+0000] {processor.py:743} INFO - Processing file /opt/airflow/dags/ETLexampleF22.py for tasks to queue
[2023-01-14T01:22:42.974+0000] {logging_mixin.py:137} INFO - [2023-01-14T01:22:42.974+0000] {dagbag.py:538} INFO - Filling up the DagBag from /opt/airflow/dags/ETLexampleF22.py
[2023-01-14T01:22:43.149+0000] {logging_mixin.py:137} WARNING - /home/airflow/.local/lib/python3.7/site-packages/airflow/providers/postgres/hooks/postgres.py:30 RemovedInAirflow3Warning: This module is deprecated. Please use `airflow.providers.common.sql.hooks.sql`.
